\BOOKMARK [1][-]{section.0}{\376\377\000I\000n\000t\000r\000o\000d\000u\000c\000t\000i\000o\000n}{}% 1
\BOOKMARK [2][-]{subsection.0.0}{\376\377\000T\000a\000b\000l\000e\000\040\000o\000f\000\040\000C\000o\000n\000t\000e\000n\000t\000s}{section.0}% 2
\BOOKMARK [2][-]{subsection.0.1}{\376\377\000L\000i\000s\000t\000\040\000o\000f\000\040\000F\000i\000g\000u\000r\000e\000s}{section.0}% 3
\BOOKMARK [1][-]{section.1}{\376\377\000T\000a\000s\000k\000\040\000n\000u\000m\000b\000e\000r\000\040\0001}{}% 4
\BOOKMARK [2][-]{subsection.1.0}{\376\377\000C\000o\000d\000e}{section.1}% 5
\BOOKMARK [2][-]{subsection.1.1}{\376\377\000S\000i\000m\000u\000l\000a\000t\000i\000o\000n\000\040\000r\000e\000s\000u\000l\000t\000s}{section.1}% 6
\BOOKMARK [1][-]{section.2}{\376\377\000T\000a\000s\000k\000\040\000n\000u\000m\000b\000e\000r\000\040\0002}{}% 7
\BOOKMARK [2][-]{subsection.2.0}{\376\377\000C\000o\000d\000e}{section.2}% 8
\BOOKMARK [2][-]{subsection.2.1}{\376\377\000S\000i\000m\000u\000l\000a\000t\000i\000o\000n\000\040\000r\000e\000s\000u\000l\000t\000s}{section.2}% 9
\BOOKMARK [1][-]{section.3}{\376\377\000T\000a\000s\000k\000\040\000n\000u\000m\000b\000e\000r\000\040\0003}{}% 10
\BOOKMARK [2][-]{subsection.3.0}{\376\377\000C\000o\000d\000e}{section.3}% 11
\BOOKMARK [2][-]{subsection.3.1}{\376\377\000S\000i\000m\000u\000l\000a\000t\000i\000o\000n\000\040\000r\000e\000s\000u\000l\000t\000s}{section.3}% 12
\BOOKMARK [1][-]{section.4}{\376\377\000T\000a\000s\000k\000\040\000n\000u\000m\000b\000e\000r\000\040\0004}{}% 13
\BOOKMARK [2][-]{subsection.4.0}{\376\377\000B\000o\000o\000l\000e\000a\000n\000\040\000e\000x\000p\000r\000e\000s\000s\000i\000o\000n}{section.4}% 14
\BOOKMARK [2][-]{subsection.4.1}{\376\377\000C\000o\000d\000e}{section.4}% 15
\BOOKMARK [2][-]{subsection.4.2}{\376\377\000R\000T\000L}{section.4}% 16
\BOOKMARK [2][-]{subsection.4.3}{\376\377\000R\000e\000s\000u\000l\000t\000s}{section.4}% 17
\BOOKMARK [1][-]{section.5}{\376\377\000T\000a\000s\000k\000\040\000n\000u\000m\000b\000e\000r\000\040\0005}{}% 18
\BOOKMARK [2][-]{subsection.5.0}{\376\377\000C\000o\000d\000e}{section.5}% 19
\BOOKMARK [2][-]{subsection.5.1}{\376\377\000R\000T\000L}{section.5}% 20
\BOOKMARK [2][-]{subsection.5.2}{\376\377\000R\000e\000s\000u\000l\000t\000s}{section.5}% 21
